07-07-2017 16:09:50.220,0,SENT,2B
07-07-2017 16:09:50.220,2,SENT,2B
07-07-2017 16:09:50.220,0,SENT,2B
07-07-2017 16:09:51.281,3,RECV,4F4B0D
07-07-2017 16:09:51.283,4,SENT,415443480D
07-07-2017 16:09:51.332,5,RECV,430D
07-07-2017 16:09:51.333,6,SENT,415449440D
07-07-2017 16:09:51.383,7,RECV,313233340D
07-07-2017 16:09:51.384,8,SENT,415444480D
07-07-2017 16:09:51.433,9,RECV,300D
07-07-2017 16:09:51.456,10,SENT,4154444C0D
07-07-2017 16:09:51.483,11,RECV,300D
07-07-2017 16:09:51.485,12,SENT,41544D590D
07-07-2017 16:09:51.534,13,RECV,310D
07-07-2017 16:09:51.586,14,SENT,415453480D
07-07-2017 16:09:51.636,15,RECV,3133413230300D
07-07-2017 16:09:51.646,16,SENT,4154534C0D
07-07-2017 16:09:51.691,17,RECV,34313637443331410D
07-07-2017 16:09:51.692,18,SENT,41544D4D0D
07-07-2017 16:09:51.741,19,RECV,300D
07-07-2017 16:09:51.782,20,SENT,415452520D
07-07-2017 16:09:51.843,21,RECV,300D
07-07-2017 16:09:51.843,22,SENT,4154524E0D
07-07-2017 16:09:51.895,23,RECV,300D
07-07-2017 16:09:51.896,24,SENT,41544E540D
07-07-2017 16:09:51.950,25,RECV,31390D
07-07-2017 16:09:51.951,26,SENT,41544E4F0D
07-07-2017 16:09:52.001,27,RECV,300D
07-07-2017 16:09:52.030,28,SENT,415443450D
07-07-2017 16:09:52.055,29,RECV,300D
07-07-2017 16:09:52.056,30,SENT,415453430D
07-07-2017 16:09:52.105,31,RECV,314646450D
07-07-2017 16:09:52.112,32,SENT,415453440D
07-07-2017 16:09:52.160,33,RECV,340D
07-07-2017 16:09:52.180,34,SENT,415441310D
07-07-2017 16:09:52.212,35,RECV,300D
07-07-2017 16:09:52.258,36,SENT,415441320D
07-07-2017 16:09:52.318,37,RECV,300D
07-07-2017 16:09:52.338,38,SENT,415441490D
07-07-2017 16:09:52.370,39,RECV,300D
07-07-2017 16:09:52.374,40,SENT,415445450D
07-07-2017 16:09:52.424,41,RECV,300D
07-07-2017 16:09:52.424,42,SENT,41544B590D
07-07-2017 16:09:52.476,43,RECV,4F4B0D
07-07-2017 16:09:52.477,44,SENT,41544E490D
07-07-2017 16:09:52.528,45,RECV,200D
07-07-2017 16:09:52.530,46,SENT,4154504C0D
07-07-2017 16:09:52.579,47,RECV,340D
07-07-2017 16:09:52.608,48,SENT,415443410D
07-07-2017 16:09:52.631,49,RECV,32430D
07-07-2017 16:09:52.692,50,SENT,4154534D0D
07-07-2017 16:09:52.737,51,RECV,300D
07-07-2017 16:09:52.738,52,SENT,415453540D
07-07-2017 16:09:52.791,53,RECV,313338380D
07-07-2017 16:09:52.797,54,SENT,415453500D
07-07-2017 16:09:52.843,55,RECV,300D
07-07-2017 16:09:52.885,56,SENT,415444500D
07-07-2017 16:09:52.950,57,RECV,3345380D
07-07-2017 16:09:52.951,58,SENT,4154534F0D
07-07-2017 16:09:53.001,59,RECV,300D
07-07-2017 16:09:53.002,60,SENT,415442440D
07-07-2017 16:09:53.051,61,RECV,330D
07-07-2017 16:09:53.051,62,SENT,41544E420D
07-07-2017 16:09:53.102,63,RECV,300D
07-07-2017 16:09:53.120,64,SENT,4154524F0D
07-07-2017 16:09:53.153,65,RECV,330D
07-07-2017 16:09:53.194,66,SENT,415441500D
07-07-2017 16:09:53.259,67,RECV,300D
07-07-2017 16:09:53.260,68,SENT,415444380D
07-07-2017 16:09:53.321,69,RECV,300D
07-07-2017 16:09:53.327,70,SENT,415444370D
07-07-2017 16:09:53.361,71,RECV,310D
07-07-2017 16:09:53.362,72,SENT,415444360D
07-07-2017 16:09:53.415,73,RECV,300D
07-07-2017 16:09:53.416,74,SENT,415444350D
07-07-2017 16:09:53.463,75,RECV,310D
07-07-2017 16:09:53.512,76,SENT,415444340D
07-07-2017 16:09:53.569,77,RECV,300D
07-07-2017 16:09:53.623,78,SENT,415444330D
07-07-2017 16:09:53.670,79,RECV,300D
07-07-2017 16:09:53.729,80,SENT,415444320D
07-07-2017 16:09:53.771,81,RECV,300D
07-07-2017 16:09:53.830,82,SENT,415444310D
07-07-2017 16:09:53.872,83,RECV,300D
07-07-2017 16:09:53.872,84,SENT,415444300D
07-07-2017 16:09:53.938,85,RECV,300D
07-07-2017 16:09:53.939,86,SENT,415450520D
07-07-2017 16:09:53.978,87,RECV,46460D
07-07-2017 16:09:54.035,88,SENT,415449550D
07-07-2017 16:09:54.082,89,RECV,310D
07-07-2017 16:09:54.136,90,SENT,415449540D
07-07-2017 16:09:54.187,91,RECV,310D
07-07-2017 16:09:54.238,92,SENT,415449430D
07-07-2017 16:09:54.288,93,RECV,300D
07-07-2017 16:09:54.289,94,SENT,415449520D
07-07-2017 16:09:54.345,95,RECV,300D
07-07-2017 16:09:54.346,96,SENT,415450300D
07-07-2017 16:09:54.388,97,RECV,310D
07-07-2017 16:09:54.455,98,SENT,415450310D
07-07-2017 16:09:54.489,99,RECV,300D
07-07-2017 16:09:54.490,100,SENT,415450540D
07-07-2017 16:09:54.567,101,RECV,46460D
07-07-2017 16:09:54.568,102,SENT,415452500D
07-07-2017 16:09:54.595,103,RECV,32380D
07-07-2017 16:09:54.596,104,SENT,415449410D
07-07-2017 16:09:54.679,105,RECV,464646464646464646464646464646460D
07-07-2017 16:09:54.680,106,SENT,415454300D
07-07-2017 16:09:54.703,107,RECV,46460D
07-07-2017 16:09:54.704,108,SENT,415454310D
07-07-2017 16:09:54.754,109,RECV,46460D
07-07-2017 16:09:54.815,110,SENT,415454320D
07-07-2017 16:09:54.855,111,RECV,46460D
07-07-2017 16:09:54.856,112,SENT,415454330D
07-07-2017 16:09:54.930,113,RECV,46460D
07-07-2017 16:09:54.930,114,SENT,415454340D
07-07-2017 16:09:54.962,115,RECV,46460D
07-07-2017 16:09:54.963,116,SENT,415454350D
07-07-2017 16:09:55.060,117,RECV,46460D
07-07-2017 16:09:55.065,118,SENT,415454360D
07-07-2017 16:09:55.114,119,RECV,46460D
07-07-2017 16:09:55.192,120,SENT,415454370D
07-07-2017 16:09:55.217,121,RECV,46460D
07-07-2017 16:09:55.217,122,SENT,415456520D
07-07-2017 16:09:55.310,123,RECV,313045460D
07-07-2017 16:09:55.316,124,SENT,415448560D
07-07-2017 16:09:55.373,125,RECV,313734420D
07-07-2017 16:09:55.374,126,SENT,415444420D
07-07-2017 16:09:55.442,127,RECV,300D
07-07-2017 16:09:55.448,128,SENT,415445430D
07-07-2017 16:09:55.476,129,RECV,300D
07-07-2017 16:09:55.477,130,SENT,415445410D
07-07-2017 16:09:55.568,131,RECV,310D
07-07-2017 16:09:55.569,132,SENT,415444440D
07-07-2017 16:09:55.579,133,RECV,3130
07-07-2017 16:09:55.629,134,RECV,3030300D
07-07-2017 16:09:55.705,135,SENT,415443540D
07-07-2017 16:09:55.731,136,RECV,36340D
07-07-2017 16:09:55.838,137,SENT,415447540D
07-07-2017 16:09:55.890,138,RECV,3345380D
07-07-2017 16:09:55.969,139,SENT,415443430D
07-07-2017 16:09:55.996,140,RECV,32420D
07-07-2017 16:09:56.103,141,SENT,4154434E0D
07-07-2017 16:09:56.153,142,RECV,4F4B0D
07-07-2017 16:09:57.486,143,SENT,2B
07-07-2017 16:09:57.486,144,SENT,2B
07-07-2017 16:09:57.487,145,SENT,2B
07-07-2017 16:09:58.537,146,RECV,4F4B0D
07-07-2017 16:09:58.609,147,SENT,41540D
07-07-2017 16:09:59.608,148,RECV,4F4B0D
